# JRE version: OpenJDK Runtime Environment (7.0_79-b14) (build 1.7.0_79-b14)
# Java VM: OpenJDK 64-Bit Server VM (24.79-b02 mixed mode linux-amd64 compressed oops)
Heap
 PSYoungGen      total 268800K, used 8016K [0x00000007d6f00000, 0x00000007e8400000, 0x0000000800000000)
  eden space 253952K, 0% used [0x00000007d6f00000,0x00000007d6f00000,0x00000007e6700000)
  from space 14848K, 53% used [0x00000007e6700000,0x00000007e6ed4010,0x00000007e7580000)
  to   space 13824K, 0% used [0x00000007e7680000,0x00000007e7680000,0x00000007e8400000)
 ParOldGen       total 83968K, used 19309K [0x0000000784e00000, 0x000000078a000000, 0x00000007d6f00000)
  object space 83968K, 22% used [0x0000000784e00000,0x00000007860db4e0,0x000000078a000000)
 PSPermGen       total 21504K, used 17238K [0x000000077a800000, 0x000000077bd00000, 0x0000000784e00000)
  object space 21504K, 80% used [0x000000077a800000,0x000000077b8d5b40,0x000000077bd00000)
GC Heap History (10 events):
Event: 1.442 GC heap after
Heap after GC invocations=2 (full 0):
 PSYoungGen      total 68608K, used 5109K [0x00000007d6f00000, 0x00000007db700000, 0x0000000800000000)
  eden space 63488K, 0% used [0x00000007d6f00000,0x00000007d6f00000,0x00000007dad00000)
  from space 5120K, 99% used [0x00000007db200000,0x00000007db6fd498,0x00000007db700000)
  to   space 5120K, 0% used [0x00000007dad00000,0x00000007dad00000,0x00000007db200000)
 ParOldGen       total 83968K, used 856K [0x0000000784e00000, 0x000000078a000000, 0x00000007d6f00000)
  object space 83968K, 1% used [0x0000000784e00000,0x0000000784ed60e0,0x000000078a000000)
 PSPermGen       total 21504K, used 11444K [0x000000077a800000, 0x000000077bd00000, 0x0000000784e00000)
  object space 21504K, 53% used [0x000000077a800000,0x000000077b32d020,0x000000077bd00000)
}
Event: 2.987 GC heap before
{Heap before GC invocations=3 (full 0):
 PSYoungGen      total 68608K, used 68597K [0x00000007d6f00000, 0x00000007db700000, 0x0000000800000000)
  eden space 63488K, 100% used [0x00000007d6f00000,0x00000007dad00000,0x00000007dad00000)
  from space 5120K, 99% used [0x00000007db200000,0x00000007db6fd498,0x00000007db700000)
  to   space 5120K, 0% used [0x00000007dad00000,0x00000007dad00000,0x00000007db200000)
 ParOldGen       total 83968K, used 856K [0x0000000784e00000, 0x000000078a000000, 0x00000007d6f00000)
  object space 83968K, 1% used [0x0000000784e00000,0x0000000784ed60e0,0x000000078a000000)
 PSPermGen       total 21504K, used 14725K [0x000000077a800000, 0x000000077bd00000, 0x0000000784e00000)
  object space 21504K, 68% used [0x000000077a800000,0x000000077b661490,0x000000077bd00000)
Event: 3.001 GC heap after
Heap after GC invocations=3 (full 0):
 PSYoungGen      total 68608K, used 5104K [0x00000007d6f00000, 0x00000007df500000, 0x0000000800000000)
  eden space 63488K, 0% used [0x00000007d6f00000,0x00000007d6f00000,0x00000007dad00000)
  from space 5120K, 99% used [0x00000007dad00000,0x00000007db1fc3b0,0x00000007db200000)
  to   space 5120K, 0% used [0x00000007df000000,0x00000007df000000,0x00000007df500000)
 ParOldGen       total 83968K, used 5297K [0x0000000784e00000, 0x000000078a000000, 0x00000007d6f00000)
  object space 83968K, 6% used [0x0000000784e00000,0x000000078532c688,0x000000078a000000)
 PSPermGen       total 21504K, used 14725K [0x000000077a800000, 0x000000077bd00000, 0x0000000784e00000)
  object space 21504K, 68% used [0x000000077a800000,0x000000077b661490,0x000000077bd00000)
}
Event: 3.766 GC heap before
{Heap before GC invocations=4 (full 0):
 PSYoungGen      total 68608K, used 68592K [0x00000007d6f00000, 0x00000007df500000, 0x0000000800000000)
  eden space 63488K, 100% used [0x00000007d6f00000,0x00000007dad00000,0x00000007dad00000)
  from space 5120K, 99% used [0x00000007dad00000,0x00000007db1fc3b0,0x00000007db200000)
  to   space 5120K, 0% used [0x00000007df000000,0x00000007df000000,0x00000007df500000)
 ParOldGen       total 83968K, used 5297K [0x0000000784e00000, 0x000000078a000000, 0x00000007d6f00000)
  object space 83968K, 6% used [0x0000000784e00000,0x000000078532c688,0x000000078a000000)
 PSPermGen       total 21504K, used 14835K [0x000000077a800000, 0x000000077bd00000, 0x0000000784e00000)
  object space 21504K, 68% used [0x000000077a800000,0x000000077b67cd48,0x000000077bd00000)
Event: 3.781 GC heap after
Heap after GC invocations=4 (full 0):
 PSYoungGen      total 132096K, used 5104K [0x00000007d6f00000, 0x00000007df500000, 0x0000000800000000)
  eden space 126976K, 0% used [0x00000007d6f00000,0x00000007d6f00000,0x00000007deb00000)
  from space 5120K, 99% used [0x00000007df000000,0x00000007df4fc010,0x00000007df500000)
  to   space 5120K, 0% used [0x00000007deb00000,0x00000007deb00000,0x00000007df000000)
 ParOldGen       total 83968K, used 9066K [0x0000000784e00000, 0x000000078a000000, 0x00000007d6f00000)
  object space 83968K, 10% used [0x0000000784e00000,0x00000007856daa38,0x000000078a000000)
 PSPermGen       total 21504K, used 14835K [0x000000077a800000, 0x000000077bd00000, 0x0000000784e00000)
  object space 21504K, 68% used [0x000000077a800000,0x000000077b67cd48,0x000000077bd00000)
}
Event: 6.147 GC heap before
{Heap before GC invocations=5 (full 0):
 PSYoungGen      total 132096K, used 132080K [0x00000007d6f00000, 0x00000007df500000, 0x0000000800000000)
  eden space 126976K, 100% used [0x00000007d6f00000,0x00000007deb00000,0x00000007deb00000)
  from space 5120K, 99% used [0x00000007df000000,0x00000007df4fc010,0x00000007df500000)
  to   space 5120K, 0% used [0x00000007deb00000,0x00000007deb00000,0x00000007df000000)
 ParOldGen       total 83968K, used 9066K [0x0000000784e00000, 0x000000078a000000, 0x00000007d6f00000)
  object space 83968K, 10% used [0x0000000784e00000,0x00000007856daa38,0x000000078a000000)
 PSPermGen       total 21504K, used 16990K [0x000000077a800000, 0x000000077bd00000, 0x0000000784e00000)
  object space 21504K, 79% used [0x000000077a800000,0x000000077b8979a8,0x000000077bd00000)
Event: 6.240 GC heap after
Heap after GC invocations=5 (full 0):
 PSYoungGen      total 132096K, used 5120K [0x00000007d6f00000, 0x00000007e8600000, 0x0000000800000000)
  eden space 126976K, 0% used [0x00000007d6f00000,0x00000007d6f00000,0x00000007deb00000)
  from space 5120K, 100% used [0x00000007deb00000,0x00000007df000000,0x00000007df000000)
  to   space 15872K, 0% used [0x00000007e7680000,0x00000007e7680000,0x00000007e8600000)
 ParOldGen       total 83968K, used 18221K [0x0000000784e00000, 0x000000078a000000, 0x00000007d6f00000)
  object space 83968K, 21% used [0x0000000784e00000,0x0000000785fcb490,0x000000078a000000)
 PSPermGen       total 21504K, used 16990K [0x000000077a800000, 0x000000077bd00000, 0x0000000784e00000)
  object space 21504K, 79% used [0x000000077a800000,0x000000077b8979a8,0x000000077bd00000)
}
Event: 7.559 GC heap before
{Heap before GC invocations=6 (full 0):
 PSYoungGen      total 132096K, used 132096K [0x00000007d6f00000, 0x00000007e8600000, 0x0000000800000000)
  eden space 126976K, 100% used [0x00000007d6f00000,0x00000007deb00000,0x00000007deb00000)
  from space 5120K, 100% used [0x00000007deb00000,0x00000007df000000,0x00000007df000000)
  to   space 15872K, 0% used [0x00000007e7680000,0x00000007e7680000,0x00000007e8600000)
 ParOldGen       total 83968K, used 18221K [0x0000000784e00000, 0x000000078a000000, 0x00000007d6f00000)
  object space 83968K, 21% used [0x0000000784e00000,0x0000000785fcb490,0x000000078a000000)
 PSPermGen       total 21504K, used 17114K [0x000000077a800000, 0x000000077bd00000, 0x0000000784e00000)
  object space 21504K, 79% used [0x000000077a800000,0x000000077b8b6ba8,0x000000077bd00000)
Event: 7.588 GC heap after
Heap after GC invocations=6 (full 0):
 PSYoungGen      total 267776K, used 8176K [0x00000007d6f00000, 0x00000007e8400000, 0x0000000800000000)
  eden space 253952K, 0% used [0x00000007d6f00000,0x00000007d6f00000,0x00000007e6700000)
  from space 13824K, 59% used [0x00000007e7680000,0x00000007e7e7c010,0x00000007e8400000)
  to   space 14848K, 0% used [0x00000007e6700000,0x00000007e6700000,0x00000007e7580000)
 ParOldGen       total 83968K, used 18221K [0x0000000784e00000, 0x000000078a000000, 0x00000007d6f00000)
  object space 83968K, 21% used [0x0000000784e00000,0x0000000785fcb490,0x000000078a000000)
 PSPermGen       total 21504K, used 17114K [0x000000077a800000, 0x000000077bd00000, 0x0000000784e00000)
  object space 21504K, 79% used [0x000000077a800000,0x000000077b8b6ba8,0x000000077bd00000)
}
Event: 34.340 GC heap before
{Heap before GC invocations=7 (full 0):
 PSYoungGen      total 267776K, used 262128K [0x00000007d6f00000, 0x00000007e8400000, 0x0000000800000000)
  eden space 253952K, 100% used [0x00000007d6f00000,0x00000007e6700000,0x00000007e6700000)
  from space 13824K, 59% used [0x00000007e7680000,0x00000007e7e7c010,0x00000007e8400000)
  to   space 14848K, 0% used [0x00000007e6700000,0x00000007e6700000,0x00000007e7580000)
 ParOldGen       total 83968K, used 18221K [0x0000000784e00000, 0x000000078a000000, 0x00000007d6f00000)
  object space 83968K, 21% used [0x0000000784e00000,0x0000000785fcb490,0x000000078a000000)
 PSPermGen       total 21504K, used 17238K [0x000000077a800000, 0x000000077bd00000, 0x0000000784e00000)
  object space 21504K, 80% used [0x000000077a800000,0x000000077b8d5b40,0x000000077bd00000)

