# JRE version: OpenJDK Runtime Environment (7.0_79-b14) (build 1.7.0_79-b14)
# Java VM: OpenJDK 64-Bit Server VM (24.79-b02 mixed mode linux-amd64 compressed oops)
Heap
 PSYoungGen      total 265216K, used 5888K [0x00000007d6f00000, 0x00000007e7f00000, 0x0000000800000000)
  eden space 251904K, 0% used [0x00000007d6f00000,0x00000007d6f00000,0x00000007e6500000)
  from space 13312K, 44% used [0x00000007e6500000,0x00000007e6ac0000,0x00000007e7200000)
  to   space 12800K, 0% used [0x00000007e7280000,0x00000007e7280000,0x00000007e7f00000)
 ParOldGen       total 83968K, used 17087K [0x0000000784e00000, 0x000000078a000000, 0x00000007d6f00000)
  object space 83968K, 20% used [0x0000000784e00000,0x0000000785eaff30,0x000000078a000000)
 PSPermGen       total 21504K, used 17256K [0x000000077a800000, 0x000000077bd00000, 0x0000000784e00000)
  object space 21504K, 80% used [0x000000077a800000,0x000000077b8da3b8,0x000000077bd00000)
GC Heap History (10 events):
Event: 2.994 GC heap after
Heap after GC invocations=4 (full 0):
 PSYoungGen      total 68608K, used 5088K [0x00000007d6f00000, 0x00000007db700000, 0x0000000800000000)
  eden space 63488K, 0% used [0x00000007d6f00000,0x00000007d6f00000,0x00000007dad00000)
  from space 5120K, 99% used [0x00000007db200000,0x00000007db6f83c0,0x00000007db700000)
  to   space 5120K, 0% used [0x00000007dad00000,0x00000007dad00000,0x00000007db200000)
 ParOldGen       total 83968K, used 4739K [0x0000000784e00000, 0x000000078a000000, 0x00000007d6f00000)
  object space 83968K, 5% used [0x0000000784e00000,0x00000007852a0df8,0x000000078a000000)
 PSPermGen       total 21504K, used 14730K [0x000000077a800000, 0x000000077bd00000, 0x0000000784e00000)
  object space 21504K, 68% used [0x000000077a800000,0x000000077b662918,0x000000077bd00000)
}
Event: 3.910 GC heap before
{Heap before GC invocations=5 (full 0):
 PSYoungGen      total 68608K, used 68576K [0x00000007d6f00000, 0x00000007db700000, 0x0000000800000000)
  eden space 63488K, 100% used [0x00000007d6f00000,0x00000007dad00000,0x00000007dad00000)
  from space 5120K, 99% used [0x00000007db200000,0x00000007db6f83c0,0x00000007db700000)
  to   space 5120K, 0% used [0x00000007dad00000,0x00000007dad00000,0x00000007db200000)
 ParOldGen       total 83968K, used 4739K [0x0000000784e00000, 0x000000078a000000, 0x00000007d6f00000)
  object space 83968K, 5% used [0x0000000784e00000,0x00000007852a0df8,0x000000078a000000)
 PSPermGen       total 21504K, used 14843K [0x000000077a800000, 0x000000077bd00000, 0x0000000784e00000)
  object space 21504K, 69% used [0x000000077a800000,0x000000077b67ed50,0x000000077bd00000)
Event: 3.924 GC heap after
Heap after GC invocations=5 (full 0):
 PSYoungGen      total 68608K, used 5104K [0x00000007d6f00000, 0x00000007dff00000, 0x0000000800000000)
  eden space 63488K, 0% used [0x00000007d6f00000,0x00000007d6f00000,0x00000007dad00000)
  from space 5120K, 99% used [0x00000007dad00000,0x00000007db1fc010,0x00000007db200000)
  to   space 10240K, 0% used [0x00000007df500000,0x00000007df500000,0x00000007dff00000)
 ParOldGen       total 83968K, used 8347K [0x0000000784e00000, 0x000000078a000000, 0x00000007d6f00000)
  object space 83968K, 9% used [0x0000000784e00000,0x0000000785626df8,0x000000078a000000)
 PSPermGen       total 21504K, used 14843K [0x000000077a800000, 0x000000077bd00000, 0x0000000784e00000)
  object space 21504K, 69% used [0x000000077a800000,0x000000077b67ed50,0x000000077bd00000)
}
Event: 4.790 GC heap before
{Heap before GC invocations=6 (full 0):
 PSYoungGen      total 68608K, used 68592K [0x00000007d6f00000, 0x00000007dff00000, 0x0000000800000000)
  eden space 63488K, 100% used [0x00000007d6f00000,0x00000007dad00000,0x00000007dad00000)
  from space 5120K, 99% used [0x00000007dad00000,0x00000007db1fc010,0x00000007db200000)
  to   space 10240K, 0% used [0x00000007df500000,0x00000007df500000,0x00000007dff00000)
 ParOldGen       total 83968K, used 8347K [0x0000000784e00000, 0x000000078a000000, 0x00000007d6f00000)
  object space 83968K, 9% used [0x0000000784e00000,0x0000000785626df8,0x000000078a000000)
 PSPermGen       total 21504K, used 15580K [0x000000077a800000, 0x000000077bd00000, 0x0000000784e00000)
  object space 21504K, 72% used [0x000000077a800000,0x000000077b737248,0x000000077bd00000)
Event: 4.823 GC heap after
Heap after GC invocations=6 (full 0):
 PSYoungGen      total 136192K, used 9507K [0x00000007d6f00000, 0x00000007e0100000, 0x0000000800000000)
  eden space 125952K, 0% used [0x00000007d6f00000,0x00000007d6f00000,0x00000007dea00000)
  from space 10240K, 92% used [0x00000007df500000,0x00000007dfe48ff0,0x00000007dff00000)
  to   space 11264K, 0% used [0x00000007dea00000,0x00000007dea00000,0x00000007df500000)
 ParOldGen       total 83968K, used 8355K [0x0000000784e00000, 0x000000078a000000, 0x00000007d6f00000)
  object space 83968K, 9% used [0x0000000784e00000,0x0000000785628df8,0x000000078a000000)
 PSPermGen       total 21504K, used 15580K [0x000000077a800000, 0x000000077bd00000, 0x0000000784e00000)
  object space 21504K, 72% used [0x000000077a800000,0x000000077b737248,0x000000077bd00000)
}
Event: 6.306 GC heap before
{Heap before GC invocations=7 (full 0):
 PSYoungGen      total 136192K, used 135459K [0x00000007d6f00000, 0x00000007e0100000, 0x0000000800000000)
  eden space 125952K, 100% used [0x00000007d6f00000,0x00000007dea00000,0x00000007dea00000)
  from space 10240K, 92% used [0x00000007df500000,0x00000007dfe48ff0,0x00000007dff00000)
  to   space 11264K, 0% used [0x00000007dea00000,0x00000007dea00000,0x00000007df500000)
 ParOldGen       total 83968K, used 8355K [0x0000000784e00000, 0x000000078a000000, 0x00000007d6f00000)
  object space 83968K, 9% used [0x0000000784e00000,0x0000000785628df8,0x000000078a000000)
 PSPermGen       total 21504K, used 17065K [0x000000077a800000, 0x000000077bd00000, 0x0000000784e00000)
  object space 21504K, 79% used [0x000000077a800000,0x000000077b8aa680,0x000000077bd00000)
Event: 6.340 GC heap after
Heap after GC invocations=7 (full 0):
 PSYoungGen      total 137216K, used 11251K [0x00000007d6f00000, 0x00000007e8000000, 0x0000000800000000)
  eden space 125952K, 0% used [0x00000007d6f00000,0x00000007d6f00000,0x00000007dea00000)
  from space 11264K, 99% used [0x00000007dea00000,0x00000007df4fcf98,0x00000007df500000)
  to   space 13824K, 0% used [0x00000007e7280000,0x00000007e7280000,0x00000007e8000000)
 ParOldGen       total 83968K, used 10328K [0x0000000784e00000, 0x000000078a000000, 0x00000007d6f00000)
  object space 83968K, 12% used [0x0000000784e00000,0x0000000785816360,0x000000078a000000)
 PSPermGen       total 21504K, used 17065K [0x000000077a800000, 0x000000077bd00000, 0x0000000784e00000)
  object space 21504K, 79% used [0x000000077a800000,0x000000077b8aa680,0x000000077bd00000)
}
Event: 7.294 GC heap before
{Heap before GC invocations=8 (full 0):
 PSYoungGen      total 137216K, used 137203K [0x00000007d6f00000, 0x00000007e8000000, 0x0000000800000000)
  eden space 125952K, 100% used [0x00000007d6f00000,0x00000007dea00000,0x00000007dea00000)
  from space 11264K, 99% used [0x00000007dea00000,0x00000007df4fcf98,0x00000007df500000)
  to   space 13824K, 0% used [0x00000007e7280000,0x00000007e7280000,0x00000007e8000000)
 ParOldGen       total 83968K, used 10328K [0x0000000784e00000, 0x000000078a000000, 0x00000007d6f00000)
  object space 83968K, 12% used [0x0000000784e00000,0x0000000785816360,0x000000078a000000)
 PSPermGen       total 21504K, used 17154K [0x000000077a800000, 0x000000077bd00000, 0x0000000784e00000)
  object space 21504K, 79% used [0x000000077a800000,0x000000077b8c0900,0x000000077bd00000)
Event: 7.317 GC heap after
Heap after GC invocations=8 (full 0):
 PSYoungGen      total 264704K, used 8576K [0x00000007d6f00000, 0x00000007e7f00000, 0x0000000800000000)
  eden space 251904K, 0% used [0x00000007d6f00000,0x00000007d6f00000,0x00000007e6500000)
  from space 12800K, 67% used [0x00000007e7280000,0x00000007e7ae0000,0x00000007e7f00000)
  to   space 13312K, 0% used [0x00000007e6500000,0x00000007e6500000,0x00000007e7200000)
 ParOldGen       total 83968K, used 13055K [0x0000000784e00000, 0x000000078a000000, 0x00000007d6f00000)
  object space 83968K, 15% used [0x0000000784e00000,0x0000000785abff30,0x000000078a000000)
 PSPermGen       total 21504K, used 17154K [0x000000077a800000, 0x000000077bd00000, 0x0000000784e00000)
  object space 21504K, 79% used [0x000000077a800000,0x000000077b8c0900,0x000000077bd00000)
}
Event: 27.093 GC heap before
{Heap before GC invocations=9 (full 0):
 PSYoungGen      total 264704K, used 260480K [0x00000007d6f00000, 0x00000007e7f00000, 0x0000000800000000)
  eden space 251904K, 100% used [0x00000007d6f00000,0x00000007e6500000,0x00000007e6500000)
  from space 12800K, 67% used [0x00000007e7280000,0x00000007e7ae0000,0x00000007e7f00000)
  to   space 13312K, 0% used [0x00000007e6500000,0x00000007e6500000,0x00000007e7200000)
 ParOldGen       total 83968K, used 13055K [0x0000000784e00000, 0x000000078a000000, 0x00000007d6f00000)
  object space 83968K, 15% used [0x0000000784e00000,0x0000000785abff30,0x000000078a000000)
 PSPermGen       total 21504K, used 17256K [0x000000077a800000, 0x000000077bd00000, 0x0000000784e00000)
  object space 21504K, 80% used [0x000000077a800000,0x000000077b8da3b8,0x000000077bd00000)

