# JRE version: OpenJDK Runtime Environment (7.0_79-b14) (build 1.7.0_79-b14)
# Java VM: OpenJDK 64-Bit Server VM (24.79-b02 mixed mode linux-amd64 compressed oops)
Heap
 PSYoungGen      total 264704K, used 6112K [0x00000007d6f00000, 0x00000007e7e00000, 0x0000000800000000)
  eden space 251904K, 0% used [0x00000007d6f00000,0x00000007d6f00000,0x00000007e6500000)
  from space 12800K, 47% used [0x00000007e6500000,0x00000007e6af8000,0x00000007e7180000)
  to   space 12800K, 0% used [0x00000007e7180000,0x00000007e7180000,0x00000007e7e00000)
 ParOldGen       total 83968K, used 16399K [0x0000000784e00000, 0x000000078a000000, 0x00000007d6f00000)
  object space 83968K, 19% used [0x0000000784e00000,0x0000000785e03fa0,0x000000078a000000)
 PSPermGen       total 21504K, used 17258K [0x000000077a800000, 0x000000077bd00000, 0x0000000784e00000)
  object space 21504K, 80% used [0x000000077a800000,0x000000077b8daae0,0x000000077bd00000)
GC Heap History (10 events):
Event: 3.311 GC heap after
Heap after GC invocations=4 (full 0):
 PSYoungGen      total 68608K, used 5088K [0x00000007d6f00000, 0x00000007db700000, 0x0000000800000000)
  eden space 63488K, 0% used [0x00000007d6f00000,0x00000007d6f00000,0x00000007dad00000)
  from space 5120K, 99% used [0x00000007db200000,0x00000007db6f83e0,0x00000007db700000)
  to   space 5120K, 0% used [0x00000007dad00000,0x00000007dad00000,0x00000007db200000)
 ParOldGen       total 83968K, used 4792K [0x0000000784e00000, 0x000000078a000000, 0x00000007d6f00000)
  object space 83968K, 5% used [0x0000000784e00000,0x00000007852ae360,0x000000078a000000)
 PSPermGen       total 21504K, used 14729K [0x000000077a800000, 0x000000077bd00000, 0x0000000784e00000)
  object space 21504K, 68% used [0x000000077a800000,0x000000077b662530,0x000000077bd00000)
}
Event: 4.114 GC heap before
{Heap before GC invocations=5 (full 0):
 PSYoungGen      total 68608K, used 68576K [0x00000007d6f00000, 0x00000007db700000, 0x0000000800000000)
  eden space 63488K, 100% used [0x00000007d6f00000,0x00000007dad00000,0x00000007dad00000)
  from space 5120K, 99% used [0x00000007db200000,0x00000007db6f83e0,0x00000007db700000)
  to   space 5120K, 0% used [0x00000007dad00000,0x00000007dad00000,0x00000007db200000)
 ParOldGen       total 83968K, used 4792K [0x0000000784e00000, 0x000000078a000000, 0x00000007d6f00000)
  object space 83968K, 5% used [0x0000000784e00000,0x00000007852ae360,0x000000078a000000)
 PSPermGen       total 21504K, used 14846K [0x000000077a800000, 0x000000077bd00000, 0x0000000784e00000)
  object space 21504K, 69% used [0x000000077a800000,0x000000077b67f868,0x000000077bd00000)
Event: 4.135 GC heap after
Heap after GC invocations=5 (full 0):
 PSYoungGen      total 68608K, used 5120K [0x00000007d6f00000, 0x00000007dff00000, 0x0000000800000000)
  eden space 63488K, 0% used [0x00000007d6f00000,0x00000007d6f00000,0x00000007dad00000)
  from space 5120K, 100% used [0x00000007dad00000,0x00000007db200000,0x00000007db200000)
  to   space 10240K, 0% used [0x00000007df500000,0x00000007df500000,0x00000007dff00000)
 ParOldGen       total 83968K, used 8469K [0x0000000784e00000, 0x000000078a000000, 0x00000007d6f00000)
  object space 83968K, 10% used [0x0000000784e00000,0x0000000785645720,0x000000078a000000)
 PSPermGen       total 21504K, used 14846K [0x000000077a800000, 0x000000077bd00000, 0x0000000784e00000)
  object space 21504K, 69% used [0x000000077a800000,0x000000077b67f868,0x000000077bd00000)
}
Event: 5.138 GC heap before
{Heap before GC invocations=6 (full 0):
 PSYoungGen      total 68608K, used 68608K [0x00000007d6f00000, 0x00000007dff00000, 0x0000000800000000)
  eden space 63488K, 100% used [0x00000007d6f00000,0x00000007dad00000,0x00000007dad00000)
  from space 5120K, 100% used [0x00000007dad00000,0x00000007db200000,0x00000007db200000)
  to   space 10240K, 0% used [0x00000007df500000,0x00000007df500000,0x00000007dff00000)
 ParOldGen       total 83968K, used 8469K [0x0000000784e00000, 0x000000078a000000, 0x00000007d6f00000)
  object space 83968K, 10% used [0x0000000784e00000,0x0000000785645720,0x000000078a000000)
 PSPermGen       total 21504K, used 15579K [0x000000077a800000, 0x000000077bd00000, 0x0000000784e00000)
  object space 21504K, 72% used [0x000000077a800000,0x000000077b736ee8,0x000000077bd00000)
Event: 5.160 GC heap after
Heap after GC invocations=6 (full 0):
 PSYoungGen      total 136192K, used 9395K [0x00000007d6f00000, 0x00000007e0100000, 0x0000000800000000)
  eden space 125952K, 0% used [0x00000007d6f00000,0x00000007d6f00000,0x00000007dea00000)
  from space 10240K, 91% used [0x00000007df500000,0x00000007dfe2cfe0,0x00000007dff00000)
  to   space 11264K, 0% used [0x00000007dea00000,0x00000007dea00000,0x00000007df500000)
 ParOldGen       total 83968K, used 8469K [0x0000000784e00000, 0x000000078a000000, 0x00000007d6f00000)
  object space 83968K, 10% used [0x0000000784e00000,0x0000000785645720,0x000000078a000000)
 PSPermGen       total 21504K, used 15579K [0x000000077a800000, 0x000000077bd00000, 0x0000000784e00000)
  object space 21504K, 72% used [0x000000077a800000,0x000000077b736ee8,0x000000077bd00000)
}
Event: 6.618 GC heap before
{Heap before GC invocations=7 (full 0):
 PSYoungGen      total 136192K, used 135347K [0x00000007d6f00000, 0x00000007e0100000, 0x0000000800000000)
  eden space 125952K, 100% used [0x00000007d6f00000,0x00000007dea00000,0x00000007dea00000)
  from space 10240K, 91% used [0x00000007df500000,0x00000007dfe2cfe0,0x00000007dff00000)
  to   space 11264K, 0% used [0x00000007dea00000,0x00000007dea00000,0x00000007df500000)
 ParOldGen       total 83968K, used 8469K [0x0000000784e00000, 0x000000078a000000, 0x00000007d6f00000)
  object space 83968K, 10% used [0x0000000784e00000,0x0000000785645720,0x000000078a000000)
 PSPermGen       total 21504K, used 17065K [0x000000077a800000, 0x000000077bd00000, 0x0000000784e00000)
  object space 21504K, 79% used [0x000000077a800000,0x000000077b8aa6f8,0x000000077bd00000)
Event: 6.648 GC heap after
Heap after GC invocations=7 (full 0):
 PSYoungGen      total 137216K, used 11180K [0x00000007d6f00000, 0x00000007e7e00000, 0x0000000800000000)
  eden space 125952K, 0% used [0x00000007d6f00000,0x00000007d6f00000,0x00000007dea00000)
  from space 11264K, 99% used [0x00000007dea00000,0x00000007df4eb0c0,0x00000007df500000)
  to   space 12800K, 0% used [0x00000007e7180000,0x00000007e7180000,0x00000007e7e00000)
 ParOldGen       total 83968K, used 10137K [0x0000000784e00000, 0x000000078a000000, 0x00000007d6f00000)
  object space 83968K, 12% used [0x0000000784e00000,0x00000007857e6780,0x000000078a000000)
 PSPermGen       total 21504K, used 17065K [0x000000077a800000, 0x000000077bd00000, 0x0000000784e00000)
  object space 21504K, 79% used [0x000000077a800000,0x000000077b8aa6f8,0x000000077bd00000)
}
Event: 7.571 GC heap before
{Heap before GC invocations=8 (full 0):
 PSYoungGen      total 137216K, used 137132K [0x00000007d6f00000, 0x00000007e7e00000, 0x0000000800000000)
  eden space 125952K, 100% used [0x00000007d6f00000,0x00000007dea00000,0x00000007dea00000)
  from space 11264K, 99% used [0x00000007dea00000,0x00000007df4eb0c0,0x00000007df500000)
  to   space 12800K, 0% used [0x00000007e7180000,0x00000007e7180000,0x00000007e7e00000)
 ParOldGen       total 83968K, used 10137K [0x0000000784e00000, 0x000000078a000000, 0x00000007d6f00000)
  object space 83968K, 12% used [0x0000000784e00000,0x00000007857e6780,0x000000078a000000)
 PSPermGen       total 21504K, used 17155K [0x000000077a800000, 0x000000077bd00000, 0x0000000784e00000)
  object space 21504K, 79% used [0x000000077a800000,0x000000077b8c0c10,0x000000077bd00000)
Event: 7.596 GC heap after
Heap after GC invocations=8 (full 0):
 PSYoungGen      total 264704K, used 8544K [0x00000007d6f00000, 0x00000007e7e00000, 0x0000000800000000)
  eden space 251904K, 0% used [0x00000007d6f00000,0x00000007d6f00000,0x00000007e6500000)
  from space 12800K, 66% used [0x00000007e7180000,0x00000007e79d8000,0x00000007e7e00000)
  to   space 12800K, 0% used [0x00000007e6500000,0x00000007e6500000,0x00000007e7180000)
 ParOldGen       total 83968K, used 12351K [0x0000000784e00000, 0x000000078a000000, 0x00000007d6f00000)
  object space 83968K, 14% used [0x0000000784e00000,0x0000000785a0ffa0,0x000000078a000000)
 PSPermGen       total 21504K, used 17155K [0x000000077a800000, 0x000000077bd00000, 0x0000000784e00000)
  object space 21504K, 79% used [0x000000077a800000,0x000000077b8c0c10,0x000000077bd00000)
}
Event: 14.646 GC heap before
{Heap before GC invocations=9 (full 0):
 PSYoungGen      total 264704K, used 260448K [0x00000007d6f00000, 0x00000007e7e00000, 0x0000000800000000)
  eden space 251904K, 100% used [0x00000007d6f00000,0x00000007e6500000,0x00000007e6500000)
  from space 12800K, 66% used [0x00000007e7180000,0x00000007e79d8000,0x00000007e7e00000)
  to   space 12800K, 0% used [0x00000007e6500000,0x00000007e6500000,0x00000007e7180000)
 ParOldGen       total 83968K, used 12351K [0x0000000784e00000, 0x000000078a000000, 0x00000007d6f00000)
  object space 83968K, 14% used [0x0000000784e00000,0x0000000785a0ffa0,0x000000078a000000)
 PSPermGen       total 21504K, used 17258K [0x000000077a800000, 0x000000077bd00000, 0x0000000784e00000)
  object space 21504K, 80% used [0x000000077a800000,0x000000077b8daae0,0x000000077bd00000)

