# JRE version: OpenJDK Runtime Environment (7.0_79-b14) (build 1.7.0_79-b14)
# Java VM: OpenJDK 64-Bit Server VM (24.79-b02 mixed mode linux-amd64 compressed oops)
Heap
 PSYoungGen      total 265728K, used 6208K [0x00000007d6f00000, 0x00000007e8000000, 0x0000000800000000)
  eden space 251904K, 0% used [0x00000007d6f00000,0x00000007d6f00000,0x00000007e6500000)
  from space 13824K, 44% used [0x00000007e6500000,0x00000007e6b10000,0x00000007e7280000)
  to   space 13824K, 0% used [0x00000007e7280000,0x00000007e7280000,0x00000007e8000000)
 ParOldGen       total 83968K, used 17356K [0x0000000784e00000, 0x000000078a000000, 0x00000007d6f00000)
  object space 83968K, 20% used [0x0000000784e00000,0x0000000785ef3038,0x000000078a000000)
 PSPermGen       total 21504K, used 17261K [0x000000077a800000, 0x000000077bd00000, 0x0000000784e00000)
  object space 21504K, 80% used [0x000000077a800000,0x000000077b8db5d0,0x000000077bd00000)
GC Heap History (10 events):
Event: 3.495 GC heap after
Heap after GC invocations=4 (full 0):
 PSYoungGen      total 68608K, used 5104K [0x00000007d6f00000, 0x00000007db700000, 0x0000000800000000)
  eden space 63488K, 0% used [0x00000007d6f00000,0x00000007d6f00000,0x00000007dad00000)
  from space 5120K, 99% used [0x00000007db200000,0x00000007db6fc010,0x00000007db700000)
  to   space 5120K, 0% used [0x00000007dad00000,0x00000007dad00000,0x00000007db200000)
 ParOldGen       total 83968K, used 4854K [0x0000000784e00000, 0x000000078a000000, 0x00000007d6f00000)
  object space 83968K, 5% used [0x0000000784e00000,0x00000007852bd910,0x000000078a000000)
 PSPermGen       total 21504K, used 14729K [0x000000077a800000, 0x000000077bd00000, 0x0000000784e00000)
  object space 21504K, 68% used [0x000000077a800000,0x000000077b662660,0x000000077bd00000)
}
Event: 4.623 GC heap before
{Heap before GC invocations=5 (full 0):
 PSYoungGen      total 68608K, used 68592K [0x00000007d6f00000, 0x00000007db700000, 0x0000000800000000)
  eden space 63488K, 100% used [0x00000007d6f00000,0x00000007dad00000,0x00000007dad00000)
  from space 5120K, 99% used [0x00000007db200000,0x00000007db6fc010,0x00000007db700000)
  to   space 5120K, 0% used [0x00000007dad00000,0x00000007dad00000,0x00000007db200000)
 ParOldGen       total 83968K, used 4854K [0x0000000784e00000, 0x000000078a000000, 0x00000007d6f00000)
  object space 83968K, 5% used [0x0000000784e00000,0x00000007852bd910,0x000000078a000000)
 PSPermGen       total 21504K, used 14847K [0x000000077a800000, 0x000000077bd00000, 0x0000000784e00000)
  object space 21504K, 69% used [0x000000077a800000,0x000000077b67fd00,0x000000077bd00000)
Event: 4.640 GC heap after
Heap after GC invocations=5 (full 0):
 PSYoungGen      total 68608K, used 5104K [0x00000007d6f00000, 0x00000007dff00000, 0x0000000800000000)
  eden space 63488K, 0% used [0x00000007d6f00000,0x00000007d6f00000,0x00000007dad00000)
  from space 5120K, 99% used [0x00000007dad00000,0x00000007db1fc010,0x00000007db200000)
  to   space 10240K, 0% used [0x00000007df500000,0x00000007df500000,0x00000007dff00000)
 ParOldGen       total 83968K, used 8538K [0x0000000784e00000, 0x000000078a000000, 0x00000007d6f00000)
  object space 83968K, 10% used [0x0000000784e00000,0x0000000785656950,0x000000078a000000)
 PSPermGen       total 21504K, used 14847K [0x000000077a800000, 0x000000077bd00000, 0x0000000784e00000)
  object space 21504K, 69% used [0x000000077a800000,0x000000077b67fd00,0x000000077bd00000)
}
Event: 5.753 GC heap before
{Heap before GC invocations=6 (full 0):
 PSYoungGen      total 68608K, used 68592K [0x00000007d6f00000, 0x00000007dff00000, 0x0000000800000000)
  eden space 63488K, 100% used [0x00000007d6f00000,0x00000007dad00000,0x00000007dad00000)
  from space 5120K, 99% used [0x00000007dad00000,0x00000007db1fc010,0x00000007db200000)
  to   space 10240K, 0% used [0x00000007df500000,0x00000007df500000,0x00000007dff00000)
 ParOldGen       total 83968K, used 8538K [0x0000000784e00000, 0x000000078a000000, 0x00000007d6f00000)
  object space 83968K, 10% used [0x0000000784e00000,0x0000000785656950,0x000000078a000000)
 PSPermGen       total 21504K, used 15578K [0x000000077a800000, 0x000000077bd00000, 0x0000000784e00000)
  object space 21504K, 72% used [0x000000077a800000,0x000000077b736ac8,0x000000077bd00000)
Event: 5.776 GC heap after
Heap after GC invocations=6 (full 0):
 PSYoungGen      total 136192K, used 9827K [0x00000007d6f00000, 0x00000007e0100000, 0x0000000800000000)
  eden space 125952K, 0% used [0x00000007d6f00000,0x00000007d6f00000,0x00000007dea00000)
  from space 10240K, 95% used [0x00000007df500000,0x00000007dfe98ff0,0x00000007dff00000)
  to   space 11264K, 0% used [0x00000007dea00000,0x00000007dea00000,0x00000007df500000)
 ParOldGen       total 83968K, used 8546K [0x0000000784e00000, 0x000000078a000000, 0x00000007d6f00000)
  object space 83968K, 10% used [0x0000000784e00000,0x0000000785658950,0x000000078a000000)
 PSPermGen       total 21504K, used 15578K [0x000000077a800000, 0x000000077bd00000, 0x0000000784e00000)
  object space 21504K, 72% used [0x000000077a800000,0x000000077b736ac8,0x000000077bd00000)
}
Event: 7.262 GC heap before
{Heap before GC invocations=7 (full 0):
 PSYoungGen      total 136192K, used 135779K [0x00000007d6f00000, 0x00000007e0100000, 0x0000000800000000)
  eden space 125952K, 100% used [0x00000007d6f00000,0x00000007dea00000,0x00000007dea00000)
  from space 10240K, 95% used [0x00000007df500000,0x00000007dfe98ff0,0x00000007dff00000)
  to   space 11264K, 0% used [0x00000007dea00000,0x00000007dea00000,0x00000007df500000)
 ParOldGen       total 83968K, used 8546K [0x0000000784e00000, 0x000000078a000000, 0x00000007d6f00000)
  object space 83968K, 10% used [0x0000000784e00000,0x0000000785658950,0x000000078a000000)
 PSPermGen       total 21504K, used 17063K [0x000000077a800000, 0x000000077bd00000, 0x0000000784e00000)
  object space 21504K, 79% used [0x000000077a800000,0x000000077b8a9cc8,0x000000077bd00000)
Event: 7.282 GC heap after
Heap after GC invocations=7 (full 0):
 PSYoungGen      total 137216K, used 11253K [0x00000007d6f00000, 0x00000007e8000000, 0x0000000800000000)
  eden space 125952K, 0% used [0x00000007d6f00000,0x00000007d6f00000,0x00000007dea00000)
  from space 11264K, 99% used [0x00000007dea00000,0x00000007df4fd570,0x00000007df500000)
  to   space 13824K, 0% used [0x00000007e7280000,0x00000007e7280000,0x00000007e8000000)
 ParOldGen       total 83968K, used 10530K [0x0000000784e00000, 0x000000078a000000, 0x00000007d6f00000)
  object space 83968K, 12% used [0x0000000784e00000,0x0000000785848828,0x000000078a000000)
 PSPermGen       total 21504K, used 17063K [0x000000077a800000, 0x000000077bd00000, 0x0000000784e00000)
  object space 21504K, 79% used [0x000000077a800000,0x000000077b8a9cc8,0x000000077bd00000)
}
Event: 8.261 GC heap before
{Heap before GC invocations=8 (full 0):
 PSYoungGen      total 137216K, used 137205K [0x00000007d6f00000, 0x00000007e8000000, 0x0000000800000000)
  eden space 125952K, 100% used [0x00000007d6f00000,0x00000007dea00000,0x00000007dea00000)
  from space 11264K, 99% used [0x00000007dea00000,0x00000007df4fd570,0x00000007df500000)
  to   space 13824K, 0% used [0x00000007e7280000,0x00000007e7280000,0x00000007e8000000)
 ParOldGen       total 83968K, used 10530K [0x0000000784e00000, 0x000000078a000000, 0x00000007d6f00000)
  object space 83968K, 12% used [0x0000000784e00000,0x0000000785848828,0x000000078a000000)
 PSPermGen       total 21504K, used 17155K [0x000000077a800000, 0x000000077bd00000, 0x0000000784e00000)
  object space 21504K, 79% used [0x000000077a800000,0x000000077b8c0f60,0x000000077bd00000)
Event: 8.282 GC heap after
Heap after GC invocations=8 (full 0):
 PSYoungGen      total 265728K, used 8864K [0x00000007d6f00000, 0x00000007e8000000, 0x0000000800000000)
  eden space 251904K, 0% used [0x00000007d6f00000,0x00000007d6f00000,0x00000007e6500000)
  from space 13824K, 64% used [0x00000007e7280000,0x00000007e7b28020,0x00000007e8000000)
  to   space 13824K, 0% used [0x00000007e6500000,0x00000007e6500000,0x00000007e7280000)
 ParOldGen       total 83968K, used 12996K [0x0000000784e00000, 0x000000078a000000, 0x00000007d6f00000)
  object space 83968K, 15% used [0x0000000784e00000,0x0000000785ab1038,0x000000078a000000)
 PSPermGen       total 21504K, used 17155K [0x000000077a800000, 0x000000077bd00000, 0x0000000784e00000)
  object space 21504K, 79% used [0x000000077a800000,0x000000077b8c0f60,0x000000077bd00000)
}
Event: 10.603 GC heap before
{Heap before GC invocations=9 (full 0):
 PSYoungGen      total 265728K, used 260768K [0x00000007d6f00000, 0x00000007e8000000, 0x0000000800000000)
  eden space 251904K, 100% used [0x00000007d6f00000,0x00000007e6500000,0x00000007e6500000)
  from space 13824K, 64% used [0x00000007e7280000,0x00000007e7b28020,0x00000007e8000000)
  to   space 13824K, 0% used [0x00000007e6500000,0x00000007e6500000,0x00000007e7280000)
 ParOldGen       total 83968K, used 12996K [0x0000000784e00000, 0x000000078a000000, 0x00000007d6f00000)
  object space 83968K, 15% used [0x0000000784e00000,0x0000000785ab1038,0x000000078a000000)
 PSPermGen       total 21504K, used 17261K [0x000000077a800000, 0x000000077bd00000, 0x0000000784e00000)
  object space 21504K, 80% used [0x000000077a800000,0x000000077b8db5d0,0x000000077bd00000)

